<?xml version="1.0" encoding="UTF-8"?>
<!-- Generated by org.testng.reporters.JUnitReportReporter -->
<testsuite hostname="DESKTOP-T7ATV73" failures="0" tests="1" name="tests.LoginTest" time="131.171" errors="0" timestamp="2024-05-27T19:39:20 IST" skipped="0">
  <testcase classname="tests.LoginTest" name="login" time="131.171"/>
  <system-out/>
</testsuite> <!-- tests.LoginTest -->
