<?xml version="1.0" encoding="UTF-8"?>
<!-- Generated by org.testng.reporters.JUnitReportReporter -->
<testsuite hostname="DESKTOP-T7ATV73" failures="0" tests="1" name="tests.RegistrationTest" time="65.242" errors="0" timestamp="2024-05-27T19:39:20 IST" skipped="0">
  <testcase classname="tests.RegistrationTest" name="registration" time="65.242"/>
  <system-out/>
</testsuite> <!-- tests.RegistrationTest -->
